;  LST file generated by mikroListExporter - v.2.0 
; Date/Time: 23/9/2024 20:56:15
;----------------------------------------------

;Address Opcode 	ASM
0x0000	0x29E0      	GOTO       480
_Delay_1us:
;__Lib_Delays.c,7 :: 		void Delay_1us() {
;__Lib_Delays.c,8 :: 		Delay_us(1);
0x0003	0x0000      	NOP
;__Lib_Delays.c,9 :: 		}
L_end_Delay_1us:
0x0004	0x0008      	RETURN
; end of _Delay_1us
_Delay_50us:
;__Lib_Delays.c,19 :: 		void Delay_50us() {
;__Lib_Delays.c,20 :: 		Delay_us(50);
0x0005	0x3010      	MOVLW      16
0x0006	0x1283      	BCF        STATUS, 5
0x0007	0x1303      	BCF        STATUS, 6
0x0008	0x00FD      	MOVWF      R13
L_Delay_50us2:
0x0009	0x0BFD      	DECFSZ     R13, 1
0x000A	0x2809      	GOTO       L_Delay_50us2
0x000B	0x0000      	NOP
;__Lib_Delays.c,21 :: 		}
L_end_Delay_50us:
0x000C	0x0008      	RETURN
; end of _Delay_50us
_Delay_5500us:
;__Lib_Delays.c,31 :: 		void Delay_5500us() {
;__Lib_Delays.c,32 :: 		Delay_us(5500);
0x000D	0x3008      	MOVLW      8
0x000E	0x1283      	BCF        STATUS, 5
0x000F	0x1303      	BCF        STATUS, 6
0x0010	0x00FC      	MOVWF      R12
0x0011	0x3023      	MOVLW      35
0x0012	0x00FD      	MOVWF      R13
L_Delay_5500us5:
0x0013	0x0BFD      	DECFSZ     R13, 1
0x0014	0x2813      	GOTO       L_Delay_5500us5
0x0015	0x0BFC      	DECFSZ     R12, 1
0x0016	0x2813      	GOTO       L_Delay_5500us5
;__Lib_Delays.c,33 :: 		}
L_end_Delay_5500us:
0x0017	0x0008      	RETURN
; end of _Delay_5500us
_Lcd_Cmd:
;__Lib_Lcd.c,18 :: 		
;__Lib_Lcd.c,20 :: 		
0x0018	0x1283      	BCF        STATUS, 5
0x0019	0x1303      	BCF        STATUS, 6
0x001A	0x1BB4      	BTFSC      FARG_Lcd_Cmd_out_char, 7
0x001B	0x281E      	GOTO       L__Lcd_Cmd21
0x001C	0x1186      	BCF        LCD_D7, BitPos(LCD_D7+0)
0x001D	0x281F      	GOTO       L__Lcd_Cmd22
L__Lcd_Cmd21:
0x001E	0x1586      	BSF        LCD_D7, BitPos(LCD_D7+0)
L__Lcd_Cmd22:
;__Lib_Lcd.c,21 :: 		
0x001F	0x1B34      	BTFSC      FARG_Lcd_Cmd_out_char, 6
0x0020	0x2823      	GOTO       L__Lcd_Cmd23
0x0021	0x1106      	BCF        LCD_D6, BitPos(LCD_D6+0)
0x0022	0x2824      	GOTO       L__Lcd_Cmd24
L__Lcd_Cmd23:
0x0023	0x1506      	BSF        LCD_D6, BitPos(LCD_D6+0)
L__Lcd_Cmd24:
;__Lib_Lcd.c,22 :: 		
0x0024	0x1AB4      	BTFSC      FARG_Lcd_Cmd_out_char, 5
0x0025	0x2828      	GOTO       L__Lcd_Cmd25
0x0026	0x1086      	BCF        LCD_D5, BitPos(LCD_D5+0)
0x0027	0x2829      	GOTO       L__Lcd_Cmd26
L__Lcd_Cmd25:
0x0028	0x1486      	BSF        LCD_D5, BitPos(LCD_D5+0)
L__Lcd_Cmd26:
;__Lib_Lcd.c,23 :: 		
0x0029	0x1A34      	BTFSC      FARG_Lcd_Cmd_out_char, 4
0x002A	0x282D      	GOTO       L__Lcd_Cmd27
0x002B	0x1006      	BCF        LCD_D4, BitPos(LCD_D4+0)
0x002C	0x282E      	GOTO       L__Lcd_Cmd28
L__Lcd_Cmd27:
0x002D	0x1406      	BSF        LCD_D4, BitPos(LCD_D4+0)
L__Lcd_Cmd28:
;__Lib_Lcd.c,25 :: 		
0x002E	0x1827      	BTFSC      __Lib_Lcd_cmd_status, BitPos(__Lib_Lcd_cmd_status+0)
0x002F	0x2832      	GOTO       L__Lcd_Cmd29
0x0030	0x1606      	BSF        LCD_RS, BitPos(LCD_RS+0)
0x0031	0x2833      	GOTO       L__Lcd_Cmd30
L__Lcd_Cmd29:
0x0032	0x1206      	BCF        LCD_RS, BitPos(LCD_RS+0)
L__Lcd_Cmd30:
;__Lib_Lcd.c,28 :: 		
0x0033	0x1686      	BSF        LCD_EN, BitPos(LCD_EN+0)
;__Lib_Lcd.c,29 :: 		
0x0034	0x2003      	CALL       _Delay_1us
;__Lib_Lcd.c,30 :: 		
0x0035	0x1286      	BCF        LCD_EN, BitPos(LCD_EN+0)
;__Lib_Lcd.c,33 :: 		
0x0036	0x19B4      	BTFSC      FARG_Lcd_Cmd_out_char, 3
0x0037	0x283A      	GOTO       L__Lcd_Cmd31
0x0038	0x1186      	BCF        LCD_D7, BitPos(LCD_D7+0)
0x0039	0x283B      	GOTO       L__Lcd_Cmd32
L__Lcd_Cmd31:
0x003A	0x1586      	BSF        LCD_D7, BitPos(LCD_D7+0)
L__Lcd_Cmd32:
;__Lib_Lcd.c,34 :: 		
0x003B	0x1934      	BTFSC      FARG_Lcd_Cmd_out_char, 2
0x003C	0x283F      	GOTO       L__Lcd_Cmd33
0x003D	0x1106      	BCF        LCD_D6, BitPos(LCD_D6+0)
0x003E	0x2840      	GOTO       L__Lcd_Cmd34
L__Lcd_Cmd33:
0x003F	0x1506      	BSF        LCD_D6, BitPos(LCD_D6+0)
L__Lcd_Cmd34:
;__Lib_Lcd.c,35 :: 		
0x0040	0x18B4      	BTFSC      FARG_Lcd_Cmd_out_char, 1
0x0041	0x2844      	GOTO       L__Lcd_Cmd35
0x0042	0x1086      	BCF        LCD_D5, BitPos(LCD_D5+0)
0x0043	0x2845      	GOTO       L__Lcd_Cmd36
L__Lcd_Cmd35:
0x0044	0x1486      	BSF        LCD_D5, BitPos(LCD_D5+0)
L__Lcd_Cmd36:
;__Lib_Lcd.c,36 :: 		
0x0045	0x1834      	BTFSC      FARG_Lcd_Cmd_out_char, 0
0x0046	0x2849      	GOTO       L__Lcd_Cmd37
0x0047	0x1006      	BCF        LCD_D4, BitPos(LCD_D4+0)
0x0048	0x284A      	GOTO       L__Lcd_Cmd38
L__Lcd_Cmd37:
0x0049	0x1406      	BSF        LCD_D4, BitPos(LCD_D4+0)
L__Lcd_Cmd38:
;__Lib_Lcd.c,38 :: 		
0x004A	0x1827      	BTFSC      __Lib_Lcd_cmd_status, BitPos(__Lib_Lcd_cmd_status+0)
0x004B	0x284E      	GOTO       L__Lcd_Cmd39
0x004C	0x1606      	BSF        LCD_RS, BitPos(LCD_RS+0)
0x004D	0x284F      	GOTO       L__Lcd_Cmd40
L__Lcd_Cmd39:
0x004E	0x1206      	BCF        LCD_RS, BitPos(LCD_RS+0)
L__Lcd_Cmd40:
;__Lib_Lcd.c,40 :: 		
0x004F	0x1686      	BSF        LCD_EN, BitPos(LCD_EN+0)
;__Lib_Lcd.c,41 :: 		
0x0050	0x2003      	CALL       _Delay_1us
;__Lib_Lcd.c,42 :: 		
0x0051	0x1286      	BCF        LCD_EN, BitPos(LCD_EN+0)
;__Lib_Lcd.c,44 :: 		
0x0052	0x1C27      	BTFSS      __Lib_Lcd_cmd_status, BitPos(__Lib_Lcd_cmd_status+0)
0x0053	0x2856      	GOTO       L_Lcd_Cmd0
;__Lib_Lcd.c,45 :: 		
0x0054	0x200D      	CALL       _Delay_5500us
0x0055	0x2857      	GOTO       L_Lcd_Cmd1
L_Lcd_Cmd0:
;__Lib_Lcd.c,47 :: 		
0x0056	0x2005      	CALL       _Delay_50us
L_Lcd_Cmd1:
;__Lib_Lcd.c,48 :: 		
L_end_Lcd_Cmd:
0x0057	0x0008      	RETURN
; end of _Lcd_Cmd
_____DoICP:
;__Lib_System.c,6 :: 		
;__Lib_System.c,9 :: 		
0x0058	0x1283      	BCF        STATUS, 5
0x0059	0x1303      	BCF        STATUS, 6
0x005A	0x0829      	MOVF       ___DoICPAddr+1, 0
0x005B	0x008A      	MOVWF      PCLATH
;__Lib_System.c,10 :: 		
0x005C	0x0828      	MOVF       ___DoICPAddr, 0
0x005D	0x0082      	MOVWF      PCL
;__Lib_System.c,12 :: 		
L_end_____DoICP:
0x005E	0x0008      	RETURN
; end of _____DoICP
_Keypad_Key_Press:
;__Lib_Keypad4x4.c,39 :: 		
;__Lib_Keypad4x4.c,43 :: 		
0x005F	0x1283      	BCF        STATUS, 5
0x0060	0x1303      	BCF        STATUS, 6
0x0061	0x01AF      	CLRF       Keypad_Key_Press_rslt_L0
;__Lib_Keypad4x4.c,44 :: 		
0x0062	0x01B1      	CLRF       Keypad_Key_Press_loc_L0
;__Lib_Keypad4x4.c,45 :: 		
0x0063	0x01B2      	CLRF       Keypad_Key_Press_rowcnt_L0
;__Lib_Keypad4x4.c,46 :: 		
0x0064	0x3010      	MOVLW      16
0x0065	0x00B3      	MOVWF      Keypad_Key_Press_shifter_L0
;__Lib_Keypad4x4.c,48 :: 		
L_Keypad_Key_Press0:
0x0066	0x3004      	MOVLW      4
0x0067	0x0232      	SUBWF      Keypad_Key_Press_rowcnt_L0, 0
0x0068	0x1803      	BTFSC      STATUS, 0
0x0069	0x2890      	GOTO       L_Keypad_Key_Press1
;__Lib_Keypad4x4.c,50 :: 		
0x006A	0x30F0      	MOVLW      240
0x006B	0x0088      	MOVWF      keypadPort
;__Lib_Keypad4x4.c,51 :: 		
0x006C	0x3080      	MOVLW      128
0x006D	0x00F0      	MOVWF      R0
0x006E	0x0870      	MOVF       R0, 0
0x006F	0x3E08      	ADDLW      keypadPort
0x0070	0x0084      	MOVWF      FSR
0x0071	0x0933      	COMF       Keypad_Key_Press_shifter_L0, 0
0x0072	0x00F0      	MOVWF      R0
0x0073	0x0870      	MOVF       R0, 0
0x0074	0x0080      	MOVWF      INDF
;__Lib_Keypad4x4.c,55 :: 		
0x0075	0x2003      	CALL       _Delay_1us
;__Lib_Keypad4x4.c,56 :: 		
0x0076	0x2003      	CALL       _Delay_1us
;__Lib_Keypad4x4.c,57 :: 		
0x0077	0x300F      	MOVLW      15
0x0078	0x0508      	ANDWF      keypadPort, 0
0x0079	0x00F0      	MOVWF      R0
0x007A	0x0870      	MOVF       R0, 0
0x007B	0x00B0      	MOVWF      Keypad_Key_Press_kdata_L0
;__Lib_Keypad4x4.c,58 :: 		
0x007C	0x0870      	MOVF       R0, 0
0x007D	0x1903      	BTFSC      STATUS, 2
0x007E	0x288A      	GOTO       L_Keypad_Key_Press2
;__Lib_Keypad4x4.c,60 :: 		
0x007F	0x0831      	MOVF       Keypad_Key_Press_loc_L0, 0
0x0080	0x00AF      	MOVWF      Keypad_Key_Press_rslt_L0
;__Lib_Keypad4x4.c,61 :: 		
L_Keypad_Key_Press3:
0x0081	0x0830      	MOVF       Keypad_Key_Press_kdata_L0, 0
0x0082	0x1903      	BTFSC      STATUS, 2
0x0083	0x2888      	GOTO       L_Keypad_Key_Press4
;__Lib_Keypad4x4.c,62 :: 		
0x0084	0x0CB0      	RRF        Keypad_Key_Press_kdata_L0, 1
0x0085	0x13B0      	BCF        Keypad_Key_Press_kdata_L0, 7
;__Lib_Keypad4x4.c,63 :: 		
0x0086	0x0AAF      	INCF       Keypad_Key_Press_rslt_L0, 1
;__Lib_Keypad4x4.c,64 :: 		
0x0087	0x2881      	GOTO       L_Keypad_Key_Press3
L_Keypad_Key_Press4:
;__Lib_Keypad4x4.c,66 :: 		
0x0088	0x3004      	MOVLW      4
0x0089	0x00B2      	MOVWF      Keypad_Key_Press_rowcnt_L0
;__Lib_Keypad4x4.c,67 :: 		
L_Keypad_Key_Press2:
;__Lib_Keypad4x4.c,68 :: 		
0x008A	0x0DB3      	RLF        Keypad_Key_Press_shifter_L0, 1
0x008B	0x1033      	BCF        Keypad_Key_Press_shifter_L0, 0
;__Lib_Keypad4x4.c,69 :: 		
0x008C	0x3004      	MOVLW      4
0x008D	0x07B1      	ADDWF      Keypad_Key_Press_loc_L0, 1
;__Lib_Keypad4x4.c,70 :: 		
0x008E	0x0AB2      	INCF       Keypad_Key_Press_rowcnt_L0, 1
;__Lib_Keypad4x4.c,71 :: 		
0x008F	0x2866      	GOTO       L_Keypad_Key_Press0
L_Keypad_Key_Press1:
;__Lib_Keypad4x4.c,73 :: 		
0x0090	0x082F      	MOVF       Keypad_Key_Press_rslt_L0, 0
0x0091	0x00F0      	MOVWF      R0
;__Lib_Keypad4x4.c,74 :: 		
L_end_Keypad_Key_Press:
0x0092	0x0008      	RETURN
; end of _Keypad_Key_Press
_Lcd_Chr_CP:
;__Lib_Lcd.c,50 :: 		
;__Lib_Lcd.c,52 :: 		
0x0093	0x1283      	BCF        STATUS, 5
0x0094	0x1303      	BCF        STATUS, 6
0x0095	0x1027      	BCF        __Lib_Lcd_cmd_status, BitPos(__Lib_Lcd_cmd_status+0)
;__Lib_Lcd.c,53 :: 		
0x0096	0x082F      	MOVF       FARG_Lcd_Chr_CP_out_char, 0
0x0097	0x00B4      	MOVWF      FARG_Lcd_Cmd_out_char
0x0098	0x2018      	CALL       _Lcd_Cmd
;__Lib_Lcd.c,54 :: 		
0x0099	0x1427      	BSF        __Lib_Lcd_cmd_status, BitPos(__Lib_Lcd_cmd_status+0)
;__Lib_Lcd.c,55 :: 		
L_end_Lcd_Chr_CP:
0x009A	0x0008      	RETURN
; end of _Lcd_Chr_CP
_Lcd_Chr:
;__Lib_Lcd.c,65 :: 		
;__Lib_Lcd.c,66 :: 		
0x009B	0x28AD      	GOTO       L_Lcd_Chr4
;__Lib_Lcd.c,67 :: 		
L_Lcd_Chr6:
0x009C	0x3080      	MOVLW      128
0x009D	0x1283      	BCF        STATUS, 5
0x009E	0x1303      	BCF        STATUS, 6
0x009F	0x00AB      	MOVWF      FARG_Lcd_Chr_row
0x00A0	0x28C0      	GOTO       L_Lcd_Chr5
;__Lib_Lcd.c,68 :: 		
L_Lcd_Chr7:
0x00A1	0x30C0      	MOVLW      192
0x00A2	0x00AB      	MOVWF      FARG_Lcd_Chr_row
0x00A3	0x28C0      	GOTO       L_Lcd_Chr5
;__Lib_Lcd.c,69 :: 		
L_Lcd_Chr8:
0x00A4	0x3094      	MOVLW      148
0x00A5	0x00AB      	MOVWF      FARG_Lcd_Chr_row
0x00A6	0x28C0      	GOTO       L_Lcd_Chr5
;__Lib_Lcd.c,70 :: 		
L_Lcd_Chr9:
0x00A7	0x30D4      	MOVLW      212
0x00A8	0x00AB      	MOVWF      FARG_Lcd_Chr_row
0x00A9	0x28C0      	GOTO       L_Lcd_Chr5
;__Lib_Lcd.c,71 :: 		
L_Lcd_Chr10:
0x00AA	0x3080      	MOVLW      128
0x00AB	0x00AB      	MOVWF      FARG_Lcd_Chr_row
;__Lib_Lcd.c,72 :: 		
0x00AC	0x28C0      	GOTO       L_Lcd_Chr5
L_Lcd_Chr4:
0x00AD	0x1283      	BCF        STATUS, 5
0x00AE	0x1303      	BCF        STATUS, 6
0x00AF	0x082B      	MOVF       FARG_Lcd_Chr_row, 0
0x00B0	0x3A01      	XORLW      1
0x00B1	0x1903      	BTFSC      STATUS, 2
0x00B2	0x289C      	GOTO       L_Lcd_Chr6
0x00B3	0x082B      	MOVF       FARG_Lcd_Chr_row, 0
0x00B4	0x3A02      	XORLW      2
0x00B5	0x1903      	BTFSC      STATUS, 2
0x00B6	0x28A1      	GOTO       L_Lcd_Chr7
0x00B7	0x082B      	MOVF       FARG_Lcd_Chr_row, 0
0x00B8	0x3A03      	XORLW      3
0x00B9	0x1903      	BTFSC      STATUS, 2
0x00BA	0x28A4      	GOTO       L_Lcd_Chr8
0x00BB	0x082B      	MOVF       FARG_Lcd_Chr_row, 0
0x00BC	0x3A04      	XORLW      4
0x00BD	0x1903      	BTFSC      STATUS, 2
0x00BE	0x28A7      	GOTO       L_Lcd_Chr9
0x00BF	0x28AA      	GOTO       L_Lcd_Chr10
L_Lcd_Chr5:
;__Lib_Lcd.c,74 :: 		
0x00C0	0x032C      	DECF       FARG_Lcd_Chr_column, 0
0x00C1	0x00F0      	MOVWF      R0
0x00C2	0x082B      	MOVF       FARG_Lcd_Chr_row, 0
0x00C3	0x07F0      	ADDWF      R0, 1
0x00C4	0x0870      	MOVF       R0, 0
0x00C5	0x00AB      	MOVWF      FARG_Lcd_Chr_row
;__Lib_Lcd.c,76 :: 		
0x00C6	0x1427      	BSF        __Lib_Lcd_cmd_status, BitPos(__Lib_Lcd_cmd_status+0)
;__Lib_Lcd.c,77 :: 		
0x00C7	0x0870      	MOVF       R0, 0
0x00C8	0x00B4      	MOVWF      FARG_Lcd_Cmd_out_char
0x00C9	0x2018      	CALL       _Lcd_Cmd
;__Lib_Lcd.c,79 :: 		
0x00CA	0x1027      	BCF        __Lib_Lcd_cmd_status, BitPos(__Lib_Lcd_cmd_status+0)
;__Lib_Lcd.c,80 :: 		
0x00CB	0x082D      	MOVF       FARG_Lcd_Chr_out_char, 0
0x00CC	0x00B4      	MOVWF      FARG_Lcd_Cmd_out_char
0x00CD	0x2018      	CALL       _Lcd_Cmd
;__Lib_Lcd.c,81 :: 		
0x00CE	0x1427      	BSF        __Lib_Lcd_cmd_status, BitPos(__Lib_Lcd_cmd_status+0)
;__Lib_Lcd.c,82 :: 		
L_end_Lcd_Chr:
0x00CF	0x0008      	RETURN
; end of _Lcd_Chr
_Lcd_Out:
;__Lib_Lcd.c,184 :: 		
;__Lib_Lcd.c,187 :: 		
0x00D0	0x28E2      	GOTO       L_Lcd_Out11
;__Lib_Lcd.c,188 :: 		
L_Lcd_Out13:
0x00D1	0x3080      	MOVLW      128
0x00D2	0x1283      	BCF        STATUS, 5
0x00D3	0x1303      	BCF        STATUS, 6
0x00D4	0x00AB      	MOVWF      FARG_Lcd_Out_row
0x00D5	0x28F5      	GOTO       L_Lcd_Out12
;__Lib_Lcd.c,189 :: 		
L_Lcd_Out14:
0x00D6	0x30C0      	MOVLW      192
0x00D7	0x00AB      	MOVWF      FARG_Lcd_Out_row
0x00D8	0x28F5      	GOTO       L_Lcd_Out12
;__Lib_Lcd.c,190 :: 		
L_Lcd_Out15:
0x00D9	0x3094      	MOVLW      148
0x00DA	0x00AB      	MOVWF      FARG_Lcd_Out_row
0x00DB	0x28F5      	GOTO       L_Lcd_Out12
;__Lib_Lcd.c,191 :: 		
L_Lcd_Out16:
0x00DC	0x30D4      	MOVLW      212
0x00DD	0x00AB      	MOVWF      FARG_Lcd_Out_row
0x00DE	0x28F5      	GOTO       L_Lcd_Out12
;__Lib_Lcd.c,192 :: 		
L_Lcd_Out17:
0x00DF	0x3080      	MOVLW      128
0x00E0	0x00AB      	MOVWF      FARG_Lcd_Out_row
;__Lib_Lcd.c,193 :: 		
0x00E1	0x28F5      	GOTO       L_Lcd_Out12
L_Lcd_Out11:
0x00E2	0x1283      	BCF        STATUS, 5
0x00E3	0x1303      	BCF        STATUS, 6
0x00E4	0x082B      	MOVF       FARG_Lcd_Out_row, 0
0x00E5	0x3A01      	XORLW      1
0x00E6	0x1903      	BTFSC      STATUS, 2
0x00E7	0x28D1      	GOTO       L_Lcd_Out13
0x00E8	0x082B      	MOVF       FARG_Lcd_Out_row, 0
0x00E9	0x3A02      	XORLW      2
0x00EA	0x1903      	BTFSC      STATUS, 2
0x00EB	0x28D6      	GOTO       L_Lcd_Out14
0x00EC	0x082B      	MOVF       FARG_Lcd_Out_row, 0
0x00ED	0x3A03      	XORLW      3
0x00EE	0x1903      	BTFSC      STATUS, 2
0x00EF	0x28D9      	GOTO       L_Lcd_Out15
0x00F0	0x082B      	MOVF       FARG_Lcd_Out_row, 0
0x00F1	0x3A04      	XORLW      4
0x00F2	0x1903      	BTFSC      STATUS, 2
0x00F3	0x28DC      	GOTO       L_Lcd_Out16
0x00F4	0x28DF      	GOTO       L_Lcd_Out17
L_Lcd_Out12:
;__Lib_Lcd.c,194 :: 		
0x00F5	0x032C      	DECF       FARG_Lcd_Out_column, 0
0x00F6	0x00F0      	MOVWF      R0
0x00F7	0x082B      	MOVF       FARG_Lcd_Out_row, 0
0x00F8	0x07F0      	ADDWF      R0, 1
0x00F9	0x0870      	MOVF       R0, 0
0x00FA	0x00AB      	MOVWF      FARG_Lcd_Out_row
;__Lib_Lcd.c,196 :: 		
0x00FB	0x0870      	MOVF       R0, 0
0x00FC	0x00B4      	MOVWF      FARG_Lcd_Cmd_out_char
0x00FD	0x2018      	CALL       _Lcd_Cmd
;__Lib_Lcd.c,197 :: 		
0x00FE	0x1027      	BCF        __Lib_Lcd_cmd_status, BitPos(__Lib_Lcd_cmd_status+0)
;__Lib_Lcd.c,198 :: 		
0x00FF	0x01AE      	CLRF       Lcd_Out_i_L0
;__Lib_Lcd.c,199 :: 		
L_Lcd_Out18:
0x0100	0x082E      	MOVF       Lcd_Out_i_L0, 0
0x0101	0x072D      	ADDWF      FARG_Lcd_Out_text, 0
0x0102	0x0084      	MOVWF      FSR
0x0103	0x0800      	MOVF       INDF, 0
0x0104	0x1903      	BTFSC      STATUS, 2
0x0105	0x290E      	GOTO       L_Lcd_Out19
;__Lib_Lcd.c,200 :: 		
0x0106	0x082E      	MOVF       Lcd_Out_i_L0, 0
0x0107	0x072D      	ADDWF      FARG_Lcd_Out_text, 0
0x0108	0x0084      	MOVWF      FSR
0x0109	0x0800      	MOVF       INDF, 0
0x010A	0x00AF      	MOVWF      FARG_Lcd_Chr_CP_out_char
0x010B	0x2093      	CALL       _Lcd_Chr_CP
0x010C	0x0AAE      	INCF       Lcd_Out_i_L0, 1
0x010D	0x2900      	GOTO       L_Lcd_Out18
L_Lcd_Out19:
;__Lib_Lcd.c,201 :: 		
0x010E	0x1427      	BSF        __Lib_Lcd_cmd_status, BitPos(__Lib_Lcd_cmd_status+0)
;__Lib_Lcd.c,202 :: 		
L_end_Lcd_Out:
0x010F	0x0008      	RETURN
; end of _Lcd_Out
_LeerTeclado:
;TECLADOLCD.c,20 :: 		char LeerTeclado()
;TECLADOLCD.c,24 :: 		switch(Keypad_Key_Press())
0x0110	0x205F      	CALL       _Keypad_Key_Press
0x0111	0x2944      	GOTO       L_LeerTeclado0
;TECLADOLCD.c,26 :: 		case 1: return 79;
L_LeerTeclado2:
0x0112	0x304F      	MOVLW      79
0x0113	0x00F0      	MOVWF      R0
0x0114	0x2985      	GOTO       L_end_LeerTeclado
;TECLADOLCD.c,27 :: 		case 2: return 48;
L_LeerTeclado3:
0x0115	0x3030      	MOVLW      48
0x0116	0x00F0      	MOVWF      R0
0x0117	0x2985      	GOTO       L_end_LeerTeclado
;TECLADOLCD.c,28 :: 		case 3: return 61;
L_LeerTeclado4:
0x0118	0x303D      	MOVLW      61
0x0119	0x00F0      	MOVWF      R0
0x011A	0x2985      	GOTO       L_end_LeerTeclado
;TECLADOLCD.c,29 :: 		case 4: return 43;
L_LeerTeclado5:
0x011B	0x302B      	MOVLW      43
0x011C	0x00F0      	MOVWF      R0
0x011D	0x2985      	GOTO       L_end_LeerTeclado
;TECLADOLCD.c,30 :: 		case 5: return 49;
L_LeerTeclado6:
0x011E	0x3031      	MOVLW      49
0x011F	0x00F0      	MOVWF      R0
0x0120	0x2985      	GOTO       L_end_LeerTeclado
;TECLADOLCD.c,31 :: 		case 6: return 50;
L_LeerTeclado7:
0x0121	0x3032      	MOVLW      50
0x0122	0x00F0      	MOVWF      R0
0x0123	0x2985      	GOTO       L_end_LeerTeclado
;TECLADOLCD.c,32 :: 		case 7: return 51;
L_LeerTeclado8:
0x0124	0x3033      	MOVLW      51
0x0125	0x00F0      	MOVWF      R0
0x0126	0x2985      	GOTO       L_end_LeerTeclado
;TECLADOLCD.c,33 :: 		case 8: return 45;
L_LeerTeclado9:
0x0127	0x302D      	MOVLW      45
0x0128	0x00F0      	MOVWF      R0
0x0129	0x2985      	GOTO       L_end_LeerTeclado
;TECLADOLCD.c,34 :: 		case 9: return 52;
L_LeerTeclado10:
0x012A	0x3034      	MOVLW      52
0x012B	0x00F0      	MOVWF      R0
0x012C	0x2985      	GOTO       L_end_LeerTeclado
;TECLADOLCD.c,35 :: 		case 10: return 53;
L_LeerTeclado11:
0x012D	0x3035      	MOVLW      53
0x012E	0x00F0      	MOVWF      R0
0x012F	0x2985      	GOTO       L_end_LeerTeclado
;TECLADOLCD.c,36 :: 		case 11: return 54;
L_LeerTeclado12:
0x0130	0x3036      	MOVLW      54
0x0131	0x00F0      	MOVWF      R0
0x0132	0x2985      	GOTO       L_end_LeerTeclado
;TECLADOLCD.c,37 :: 		case 12: return 42;
L_LeerTeclado13:
0x0133	0x302A      	MOVLW      42
0x0134	0x00F0      	MOVWF      R0
0x0135	0x2985      	GOTO       L_end_LeerTeclado
;TECLADOLCD.c,38 :: 		case 13: return 55;
L_LeerTeclado14:
0x0136	0x3037      	MOVLW      55
0x0137	0x00F0      	MOVWF      R0
0x0138	0x2985      	GOTO       L_end_LeerTeclado
;TECLADOLCD.c,39 :: 		case 14: return 56;
L_LeerTeclado15:
0x0139	0x3038      	MOVLW      56
0x013A	0x00F0      	MOVWF      R0
0x013B	0x2985      	GOTO       L_end_LeerTeclado
;TECLADOLCD.c,40 :: 		case 15: return 57;
L_LeerTeclado16:
0x013C	0x3039      	MOVLW      57
0x013D	0x00F0      	MOVWF      R0
0x013E	0x2985      	GOTO       L_end_LeerTeclado
;TECLADOLCD.c,41 :: 		case 16: return 47;
L_LeerTeclado17:
0x013F	0x302F      	MOVLW      47
0x0140	0x00F0      	MOVWF      R0
0x0141	0x2985      	GOTO       L_end_LeerTeclado
;TECLADOLCD.c,42 :: 		default: return 0; //Tecla no pulsada.
L_LeerTeclado18:
0x0142	0x01F0      	CLRF       R0
0x0143	0x2985      	GOTO       L_end_LeerTeclado
;TECLADOLCD.c,43 :: 		}
L_LeerTeclado0:
0x0144	0x0870      	MOVF       R0, 0
0x0145	0x3A01      	XORLW      1
0x0146	0x1903      	BTFSC      STATUS, 2
0x0147	0x2912      	GOTO       L_LeerTeclado2
0x0148	0x0870      	MOVF       R0, 0
0x0149	0x3A02      	XORLW      2
0x014A	0x1903      	BTFSC      STATUS, 2
0x014B	0x2915      	GOTO       L_LeerTeclado3
0x014C	0x0870      	MOVF       R0, 0
0x014D	0x3A03      	XORLW      3
0x014E	0x1903      	BTFSC      STATUS, 2
0x014F	0x2918      	GOTO       L_LeerTeclado4
0x0150	0x0870      	MOVF       R0, 0
0x0151	0x3A04      	XORLW      4
0x0152	0x1903      	BTFSC      STATUS, 2
0x0153	0x291B      	GOTO       L_LeerTeclado5
0x0154	0x0870      	MOVF       R0, 0
0x0155	0x3A05      	XORLW      5
0x0156	0x1903      	BTFSC      STATUS, 2
0x0157	0x291E      	GOTO       L_LeerTeclado6
0x0158	0x0870      	MOVF       R0, 0
0x0159	0x3A06      	XORLW      6
0x015A	0x1903      	BTFSC      STATUS, 2
0x015B	0x2921      	GOTO       L_LeerTeclado7
0x015C	0x0870      	MOVF       R0, 0
0x015D	0x3A07      	XORLW      7
0x015E	0x1903      	BTFSC      STATUS, 2
0x015F	0x2924      	GOTO       L_LeerTeclado8
0x0160	0x0870      	MOVF       R0, 0
0x0161	0x3A08      	XORLW      8
0x0162	0x1903      	BTFSC      STATUS, 2
0x0163	0x2927      	GOTO       L_LeerTeclado9
0x0164	0x0870      	MOVF       R0, 0
0x0165	0x3A09      	XORLW      9
0x0166	0x1903      	BTFSC      STATUS, 2
0x0167	0x292A      	GOTO       L_LeerTeclado10
0x0168	0x0870      	MOVF       R0, 0
0x0169	0x3A0A      	XORLW      10
0x016A	0x1903      	BTFSC      STATUS, 2
0x016B	0x292D      	GOTO       L_LeerTeclado11
0x016C	0x0870      	MOVF       R0, 0
0x016D	0x3A0B      	XORLW      11
0x016E	0x1903      	BTFSC      STATUS, 2
0x016F	0x2930      	GOTO       L_LeerTeclado12
0x0170	0x0870      	MOVF       R0, 0
0x0171	0x3A0C      	XORLW      12
0x0172	0x1903      	BTFSC      STATUS, 2
0x0173	0x2933      	GOTO       L_LeerTeclado13
0x0174	0x0870      	MOVF       R0, 0
0x0175	0x3A0D      	XORLW      13
0x0176	0x1903      	BTFSC      STATUS, 2
0x0177	0x2936      	GOTO       L_LeerTeclado14
0x0178	0x0870      	MOVF       R0, 0
0x0179	0x3A0E      	XORLW      14
0x017A	0x1903      	BTFSC      STATUS, 2
0x017B	0x2939      	GOTO       L_LeerTeclado15
0x017C	0x0870      	MOVF       R0, 0
0x017D	0x3A0F      	XORLW      15
0x017E	0x1903      	BTFSC      STATUS, 2
0x017F	0x293C      	GOTO       L_LeerTeclado16
0x0180	0x0870      	MOVF       R0, 0
0x0181	0x3A10      	XORLW      16
0x0182	0x1903      	BTFSC      STATUS, 2
0x0183	0x293F      	GOTO       L_LeerTeclado17
0x0184	0x2942      	GOTO       L_LeerTeclado18
;TECLADOLCD.c,44 :: 		}
L_end_LeerTeclado:
0x0185	0x0008      	RETURN
; end of _LeerTeclado
_Lcd_Init:
;__Lib_Lcd.c,84 :: 		
;__Lib_Lcd.c,86 :: 		
0x0186	0x1683      	BSF        STATUS, 5
0x0187	0x1303      	BCF        STATUS, 6
0x0188	0x1286      	BCF        LCD_EN_Direction, BitPos(LCD_EN_Direction+0)
;__Lib_Lcd.c,87 :: 		
0x0189	0x1206      	BCF        LCD_RS_Direction, BitPos(LCD_RS_Direction+0)
;__Lib_Lcd.c,88 :: 		
0x018A	0x1006      	BCF        LCD_D4_Direction, BitPos(LCD_D4_Direction+0)
;__Lib_Lcd.c,89 :: 		
0x018B	0x1086      	BCF        LCD_D5_Direction, BitPos(LCD_D5_Direction+0)
;__Lib_Lcd.c,90 :: 		
0x018C	0x1106      	BCF        LCD_D6_Direction, BitPos(LCD_D6_Direction+0)
;__Lib_Lcd.c,91 :: 		
0x018D	0x1186      	BCF        LCD_D7_Direction, BitPos(LCD_D7_Direction+0)
;__Lib_Lcd.c,93 :: 		
0x018E	0x1283      	BCF        STATUS, 5
0x018F	0x1286      	BCF        LCD_EN, BitPos(LCD_EN+0)
;__Lib_Lcd.c,94 :: 		
0x0190	0x1206      	BCF        LCD_RS, BitPos(LCD_RS+0)
;__Lib_Lcd.c,95 :: 		
0x0191	0x1186      	BCF        LCD_D7, BitPos(LCD_D7+0)
;__Lib_Lcd.c,96 :: 		
0x0192	0x1106      	BCF        LCD_D6, BitPos(LCD_D6+0)
;__Lib_Lcd.c,97 :: 		
0x0193	0x1086      	BCF        LCD_D5, BitPos(LCD_D5+0)
;__Lib_Lcd.c,98 :: 		
0x0194	0x1006      	BCF        LCD_D4, BitPos(LCD_D4+0)
;__Lib_Lcd.c,100 :: 		
0x0195	0x200D      	CALL       _Delay_5500us
;__Lib_Lcd.c,101 :: 		
0x0196	0x200D      	CALL       _Delay_5500us
;__Lib_Lcd.c,102 :: 		
0x0197	0x200D      	CALL       _Delay_5500us
;__Lib_Lcd.c,105 :: 		
0x0198	0x1486      	BSF        LCD_D5, BitPos(LCD_D5+0)
;__Lib_Lcd.c,106 :: 		
0x0199	0x1406      	BSF        LCD_D4, BitPos(LCD_D4+0)
;__Lib_Lcd.c,107 :: 		
0x019A	0x1686      	BSF        LCD_EN, BitPos(LCD_EN+0)
;__Lib_Lcd.c,108 :: 		
0x019B	0x2003      	CALL       _Delay_1us
;__Lib_Lcd.c,109 :: 		
0x019C	0x1286      	BCF        LCD_EN, BitPos(LCD_EN+0)
;__Lib_Lcd.c,110 :: 		
0x019D	0x200D      	CALL       _Delay_5500us
;__Lib_Lcd.c,112 :: 		
0x019E	0x1686      	BSF        LCD_EN, BitPos(LCD_EN+0)
;__Lib_Lcd.c,113 :: 		
0x019F	0x2003      	CALL       _Delay_1us
;__Lib_Lcd.c,114 :: 		
0x01A0	0x1286      	BCF        LCD_EN, BitPos(LCD_EN+0)
;__Lib_Lcd.c,115 :: 		
0x01A1	0x200D      	CALL       _Delay_5500us
;__Lib_Lcd.c,117 :: 		
0x01A2	0x1686      	BSF        LCD_EN, BitPos(LCD_EN+0)
;__Lib_Lcd.c,118 :: 		
0x01A3	0x2003      	CALL       _Delay_1us
;__Lib_Lcd.c,119 :: 		
0x01A4	0x1286      	BCF        LCD_EN, BitPos(LCD_EN+0)
;__Lib_Lcd.c,120 :: 		
0x01A5	0x200D      	CALL       _Delay_5500us
;__Lib_Lcd.c,123 :: 		
0x01A6	0x1006      	BCF        LCD_D4, BitPos(LCD_D4+0)
;__Lib_Lcd.c,124 :: 		
0x01A7	0x1686      	BSF        LCD_EN, BitPos(LCD_EN+0)
;__Lib_Lcd.c,125 :: 		
0x01A8	0x2003      	CALL       _Delay_1us
;__Lib_Lcd.c,126 :: 		
0x01A9	0x1286      	BCF        LCD_EN, BitPos(LCD_EN+0)
;__Lib_Lcd.c,127 :: 		
0x01AA	0x200D      	CALL       _Delay_5500us
;__Lib_Lcd.c,130 :: 		
0x01AB	0x1686      	BSF        LCD_EN, BitPos(LCD_EN+0)
;__Lib_Lcd.c,131 :: 		
0x01AC	0x2003      	CALL       _Delay_1us
;__Lib_Lcd.c,132 :: 		
0x01AD	0x1286      	BCF        LCD_EN, BitPos(LCD_EN+0)
;__Lib_Lcd.c,134 :: 		
0x01AE	0x1086      	BCF        LCD_D5, BitPos(LCD_D5+0)
;__Lib_Lcd.c,135 :: 		
0x01AF	0x1586      	BSF        LCD_D7, BitPos(LCD_D7+0)
;__Lib_Lcd.c,136 :: 		
0x01B0	0x1686      	BSF        LCD_EN, BitPos(LCD_EN+0)
;__Lib_Lcd.c,137 :: 		
0x01B1	0x2003      	CALL       _Delay_1us
;__Lib_Lcd.c,138 :: 		
0x01B2	0x1286      	BCF        LCD_EN, BitPos(LCD_EN+0)
;__Lib_Lcd.c,139 :: 		
0x01B3	0x200D      	CALL       _Delay_5500us
;__Lib_Lcd.c,142 :: 		
0x01B4	0x1186      	BCF        LCD_D7, BitPos(LCD_D7+0)
;__Lib_Lcd.c,143 :: 		
0x01B5	0x1406      	BSF        LCD_D4, BitPos(LCD_D4+0)
;__Lib_Lcd.c,144 :: 		
0x01B6	0x1686      	BSF        LCD_EN, BitPos(LCD_EN+0)
;__Lib_Lcd.c,145 :: 		
0x01B7	0x2003      	CALL       _Delay_1us
;__Lib_Lcd.c,146 :: 		
0x01B8	0x1286      	BCF        LCD_EN, BitPos(LCD_EN+0)
;__Lib_Lcd.c,148 :: 		
0x01B9	0x1006      	BCF        LCD_D4, BitPos(LCD_D4+0)
;__Lib_Lcd.c,149 :: 		
0x01BA	0x1686      	BSF        LCD_EN, BitPos(LCD_EN+0)
;__Lib_Lcd.c,150 :: 		
0x01BB	0x2003      	CALL       _Delay_1us
;__Lib_Lcd.c,151 :: 		
0x01BC	0x1286      	BCF        LCD_EN, BitPos(LCD_EN+0)
;__Lib_Lcd.c,152 :: 		
0x01BD	0x200D      	CALL       _Delay_5500us
;__Lib_Lcd.c,155 :: 		
0x01BE	0x1686      	BSF        LCD_EN, BitPos(LCD_EN+0)
;__Lib_Lcd.c,156 :: 		
0x01BF	0x2003      	CALL       _Delay_1us
;__Lib_Lcd.c,157 :: 		
0x01C0	0x1286      	BCF        LCD_EN, BitPos(LCD_EN+0)
;__Lib_Lcd.c,159 :: 		
0x01C1	0x1406      	BSF        LCD_D4, BitPos(LCD_D4+0)
;__Lib_Lcd.c,160 :: 		
0x01C2	0x1686      	BSF        LCD_EN, BitPos(LCD_EN+0)
;__Lib_Lcd.c,161 :: 		
0x01C3	0x2003      	CALL       _Delay_1us
;__Lib_Lcd.c,162 :: 		
0x01C4	0x1286      	BCF        LCD_EN, BitPos(LCD_EN+0)
;__Lib_Lcd.c,163 :: 		
0x01C5	0x200D      	CALL       _Delay_5500us
;__Lib_Lcd.c,166 :: 		
0x01C6	0x1006      	BCF        LCD_D4, BitPos(LCD_D4+0)
;__Lib_Lcd.c,167 :: 		
0x01C7	0x1686      	BSF        LCD_EN, BitPos(LCD_EN+0)
;__Lib_Lcd.c,168 :: 		
0x01C8	0x2003      	CALL       _Delay_1us
;__Lib_Lcd.c,169 :: 		
0x01C9	0x1286      	BCF        LCD_EN, BitPos(LCD_EN+0)
;__Lib_Lcd.c,171 :: 		
0x01CA	0x1586      	BSF        LCD_D7, BitPos(LCD_D7+0)
;__Lib_Lcd.c,172 :: 		
0x01CB	0x1506      	BSF        LCD_D6, BitPos(LCD_D6+0)
;__Lib_Lcd.c,173 :: 		
0x01CC	0x1486      	BSF        LCD_D5, BitPos(LCD_D5+0)
;__Lib_Lcd.c,174 :: 		
0x01CD	0x1406      	BSF        LCD_D4, BitPos(LCD_D4+0)
;__Lib_Lcd.c,175 :: 		
0x01CE	0x1686      	BSF        LCD_EN, BitPos(LCD_EN+0)
;__Lib_Lcd.c,176 :: 		
0x01CF	0x2003      	CALL       _Delay_1us
;__Lib_Lcd.c,177 :: 		
0x01D0	0x1286      	BCF        LCD_EN, BitPos(LCD_EN+0)
;__Lib_Lcd.c,179 :: 		
0x01D1	0x200D      	CALL       _Delay_5500us
;__Lib_Lcd.c,181 :: 		
0x01D2	0x1427      	BSF        __Lib_Lcd_cmd_status, BitPos(__Lib_Lcd_cmd_status+0)
;__Lib_Lcd.c,182 :: 		
L_end_Lcd_Init:
0x01D3	0x0008      	RETURN
; end of _Lcd_Init
___CC2DW:
;__Lib_System.c,134 :: 		
;__Lib_System.c,137 :: 		
_CC2D_Loop1:
;__Lib_System.c,139 :: 		
0x01D4	0x2058      	CALL       _____DoICP
0x01D5	0x118A      	BCF        PCLATH, 3
0x01D6	0x120A      	BCF        PCLATH, 4
;__Lib_System.c,141 :: 		
0x01D7	0x0080      	MOVWF      INDF
;__Lib_System.c,142 :: 		
0x01D8	0x0A84      	INCF       FSR, 1
;__Lib_System.c,143 :: 		
0x01D9	0x0AA8      	INCF       ___DoICPAddr, 1
;__Lib_System.c,145 :: 		
0x01DA	0x1903      	BTFSC      STATUS, 2
;__Lib_System.c,146 :: 		
0x01DB	0x0AA9      	INCF       ___DoICPAddr+1, 1
;__Lib_System.c,147 :: 		
0x01DC	0x03F0      	DECF       R0, 1
;__Lib_System.c,149 :: 		
0x01DD	0x1D03      	BTFSS      STATUS, 2
;__Lib_System.c,150 :: 		
0x01DE	0x29D4      	GOTO       _CC2D_Loop1
;__Lib_System.c,152 :: 		
L_end___CC2DW:
0x01DF	0x0008      	RETURN
; end of ___CC2DW
_main:
0x01E0	0x3054      	MOVLW      84
0x01E1	0x1283      	BCF        STATUS, 5
0x01E2	0x1303      	BCF        STATUS, 6
0x01E3	0x00A0      	MOVWF      ?lstr1_TECLADOLCD
0x01E4	0x3065      	MOVLW      101
0x01E5	0x00A1      	MOVWF      33
0x01E6	0x3063      	MOVLW      99
0x01E7	0x00A2      	MOVWF      34
0x01E8	0x306C      	MOVLW      108
0x01E9	0x00A3      	MOVWF      35
0x01EA	0x3061      	MOVLW      97
0x01EB	0x00A4      	MOVWF      36
0x01EC	0x303A      	MOVLW      58
0x01ED	0x00A5      	MOVWF      37
0x01EE	0x01A6      	CLRF       38
;TECLADOLCD.c,46 :: 		void main() {
;TECLADOLCD.c,51 :: 		Lcd_Init(); //Inicializa el LCD.
0x01EF	0x2186      	CALL       _Lcd_Init
;TECLADOLCD.c,52 :: 		Lcd_Cmd(_LCD_CURSOR_OFF); //Se apaga el cursor.
0x01F0	0x300C      	MOVLW      12
0x01F1	0x00B4      	MOVWF      FARG_Lcd_Cmd_out_char
0x01F2	0x2018      	CALL       _Lcd_Cmd
;TECLADOLCD.c,53 :: 		Lcd_Out(1, 1,"Tecla:"); //Se imprime texto.
0x01F3	0x3001      	MOVLW      1
0x01F4	0x00AB      	MOVWF      FARG_Lcd_Out_row
0x01F5	0x3001      	MOVLW      1
0x01F6	0x00AC      	MOVWF      FARG_Lcd_Out_column
0x01F7	0x3020      	MOVLW      ?lstr1_TECLADOLCD
0x01F8	0x00AD      	MOVWF      FARG_Lcd_Out_text
0x01F9	0x20D0      	CALL       _Lcd_Out
;TECLADOLCD.c,54 :: 		while(1)//Bucle infinito.
L_main19:
;TECLADOLCD.c,55 :: 		{   do {
L_main21:
;TECLADOLCD.c,56 :: 		Tecla = LeerTeclado();
0x01FA	0x2110      	CALL       _LeerTeclado
0x01FB	0x0870      	MOVF       R0, 0
0x01FC	0x00AA      	MOVWF      main_Tecla_L0
;TECLADOLCD.c,57 :: 		delay_ms(40);
0x01FD	0x3034      	MOVLW      52
0x01FE	0x00FC      	MOVWF      R12
0x01FF	0x30F1      	MOVLW      241
0x0200	0x00FD      	MOVWF      R13
L_main24:
0x0201	0x0BFD      	DECFSZ     R13, 1
0x0202	0x2A01      	GOTO       L_main24
0x0203	0x0BFC      	DECFSZ     R12, 1
0x0204	0x2A01      	GOTO       L_main24
0x0205	0x0000      	NOP
0x0206	0x0000      	NOP
;TECLADOLCD.c,59 :: 		while(!Tecla); //Se lee el teclado y su resultado se guarda en Tecla.
0x0207	0x082A      	MOVF       main_Tecla_L0, 0
0x0208	0x1903      	BTFSC      STATUS, 2
0x0209	0x29FA      	GOTO       L_main21
;TECLADOLCD.c,60 :: 		Lcd_Chr(2,1,Tecla);
0x020A	0x3002      	MOVLW      2
0x020B	0x00AB      	MOVWF      FARG_Lcd_Chr_row
0x020C	0x3001      	MOVLW      1
0x020D	0x00AC      	MOVWF      FARG_Lcd_Chr_column
0x020E	0x082A      	MOVF       main_Tecla_L0, 0
0x020F	0x00AD      	MOVWF      FARG_Lcd_Chr_out_char
0x0210	0x209B      	CALL       _Lcd_Chr
;TECLADOLCD.c,61 :: 		delay_ms(40); //Visualización el valor retornado por el teclado.
0x0211	0x3034      	MOVLW      52
0x0212	0x00FC      	MOVWF      R12
0x0213	0x30F1      	MOVLW      241
0x0214	0x00FD      	MOVWF      R13
L_main25:
0x0215	0x0BFD      	DECFSZ     R13, 1
0x0216	0x2A15      	GOTO       L_main25
0x0217	0x0BFC      	DECFSZ     R12, 1
0x0218	0x2A15      	GOTO       L_main25
0x0219	0x0000      	NOP
0x021A	0x0000      	NOP
;TECLADOLCD.c,62 :: 		}
0x021B	0x29FA      	GOTO       L_main19
;TECLADOLCD.c,63 :: 		}
L_end_main:
0x021C	0x2A1C      	GOTO       $+0
; end of _main
Symbol List:
//** Routines locations **
//ADDRESS    SIZE    PROCEDURE
//----------------------------------------------
0x0003       [2]    _Delay_1us
0x0005       [8]    _Delay_50us
0x000D      [11]    _Delay_5500us
0x0018      [64]    _Lcd_Cmd
0x0058       [7]    _____DoICP
0x005F      [52]    _Keypad_Key_Press
0x0093       [8]    _Lcd_Chr_CP
0x009B      [53]    _Lcd_Chr
0x00D0      [64]    _Lcd_Out
0x0110     [118]    _LeerTeclado
0x0186      [78]    _Lcd_Init
0x01D4      [12]    ___CC2DW
0x01E0      [61]    _main
//** Variables locations ** 
//ADDRESS    SIZE    VARIABLE
//----------------------------------------------
0x0000       [1]    INDF
0x0002       [1]    PCL
0x0003       [1]    STATUS
0x0004       [1]    FSR
0x0006       [0]    RB5_bit
0x0006       [0]    RB0_bit
0x0006       [0]    RB2_bit
0x0006       [0]    RB1_bit
0x0006       [0]    LCD_EN
0x0006       [0]    LCD_D4
0x0006       [0]    RB4_bit
0x0006       [0]    LCD_RS
0x0006       [0]    LCD_D7
0x0006       [0]    RB3_bit
0x0006       [0]    LCD_D5
0x0006       [0]    LCD_D6
0x0008       [1]    keypadPort
0x0008       [1]    PORTD
0x000A       [1]    PCLATH
0x0020       [7]    ?lstr1_TECLADOLCD
0x0027       [0]    __Lib_Lcd_cmd_status
0x0028       [2]    ___DoICPAddr
0x002A       [1]    main_Tecla_L0
0x002B       [1]    FARG_Lcd_Out_row
0x002B       [1]    FARG_Lcd_Chr_row
0x002C       [1]    FARG_Lcd_Chr_column
0x002C       [1]    FARG_Lcd_Out_column
0x002D       [1]    FARG_Lcd_Out_text
0x002D       [1]    FARG_Lcd_Chr_out_char
0x002E       [1]    Lcd_Out_i_L0
0x002F       [1]    FARG_Lcd_Chr_CP_out_char
0x002F       [1]    Keypad_Key_Press_rslt_L0
0x0030       [1]    Keypad_Key_Press_kdata_L0
0x0031       [1]    Keypad_Key_Press_loc_L0
0x0032       [1]    Keypad_Key_Press_rowcnt_L0
0x0033       [1]    Keypad_Key_Press_shifter_L0
0x0034       [1]    FARG_Lcd_Cmd_out_char
0x0070       [1]    R0
0x0071       [1]    R1
0x0072       [1]    R2
0x0073       [1]    R3
0x0074       [1]    R4
0x0075       [1]    R5
0x0076       [1]    R6
0x0077       [1]    R7
0x0078       [1]    R8
0x0079       [1]    R9
0x007A       [1]    R10
0x007B       [1]    R11
0x007C       [1]    R12
0x007D       [1]    R13
0x007E       [1]    R14
0x007F       [1]    R15
0x0086       [0]    LCD_D5_Direction
0x0086       [0]    LCD_D6_Direction
0x0086       [0]    LCD_D7_Direction
0x0086       [0]    TRISB5_bit
0x0086       [0]    TRISB4_bit
0x0086       [0]    TRISB3_bit
0x0086       [0]    TRISB0_bit
0x0086       [0]    TRISB1_bit
0x0086       [0]    LCD_RS_Direction
0x0086       [0]    LCD_D4_Direction
0x0086       [0]    LCD_EN_Direction
0x0086       [0]    TRISB2_bit
