;  LST file generated by mikroListExporter - v.2.0 
; Date/Time: 15/5/2023 10:46:39
;----------------------------------------------

;Address Opcode 	ASM
0x0000	0x2815      	GOTO       21
_____DoICP:
;__Lib_System.c,6 :: 		
;__Lib_System.c,9 :: 		
0x0003	0x1283      	BCF        STATUS, 5
0x0004	0x0813      	MOVF       ___DoICPAddr+1, 0
0x0005	0x008A      	MOVWF      PCLATH
;__Lib_System.c,10 :: 		
0x0006	0x0812      	MOVF       ___DoICPAddr, 0
0x0007	0x0082      	MOVWF      PCL
;__Lib_System.c,12 :: 		
L_end_____DoICP:
0x0008	0x0008      	RETURN
; end of _____DoICP
___CC2DW:
;__Lib_System.c,134 :: 		
;__Lib_System.c,137 :: 		
_CC2D_Loop1:
;__Lib_System.c,139 :: 		
0x0009	0x2003      	CALL       _____DoICP
0x000A	0x118A      	BCF        PCLATH, 3
0x000B	0x120A      	BCF        PCLATH, 4
;__Lib_System.c,141 :: 		
0x000C	0x0080      	MOVWF      INDF
;__Lib_System.c,142 :: 		
0x000D	0x0A84      	INCF       FSR, 1
;__Lib_System.c,143 :: 		
0x000E	0x0A92      	INCF       ___DoICPAddr, 1
;__Lib_System.c,145 :: 		
0x000F	0x1903      	BTFSC      STATUS, 2
;__Lib_System.c,146 :: 		
0x0010	0x0A93      	INCF       ___DoICPAddr+1, 1
;__Lib_System.c,147 :: 		
0x0011	0x03C0      	DECF       R0, 1
;__Lib_System.c,149 :: 		
0x0012	0x1D03      	BTFSS      STATUS, 2
;__Lib_System.c,150 :: 		
0x0013	0x2809      	GOTO       _CC2D_Loop1
;__Lib_System.c,152 :: 		
L_end___CC2DW:
0x0014	0x0008      	RETURN
; end of ___CC2DW
_main:
0x0015	0x3001      	MOVLW      1
0x0016	0x1283      	BCF        STATUS, 5
0x0017	0x008C      	MOVWF      _contadora
0x0018	0x018D      	CLRF       13
0x0019	0x018E      	CLRF       _contadord
0x001A	0x3001      	MOVLW      1
0x001B	0x008F      	MOVWF      15
0x001C	0x0190      	CLRF       _aux
0x001D	0x0191      	CLRF       17
;EJERCICIO5.c,3 :: 		void main()
;EJERCICIO5.c,5 :: 		TRISA = 0b00001;
0x001E	0x3001      	MOVLW      1
0x001F	0x1683      	BSF        STATUS, 5
0x0020	0x0085      	MOVWF      TRISA
;EJERCICIO5.c,6 :: 		trisb = 0;
0x0021	0x0186      	CLRF       TRISB
;EJERCICIO5.c,7 :: 		portb = 0;
0x0022	0x1283      	BCF        STATUS, 5
0x0023	0x0186      	CLRF       PORTB
;EJERCICIO5.c,9 :: 		while(1)
L_main0:
;EJERCICIO5.c,10 :: 		{      if(porta.f0 == 1 && aux == 0)
0x0024	0x1C05      	BTFSS      PORTA, 0
0x0025	0x2849      	GOTO       L_main4
0x0026	0x3000      	MOVLW      0
0x0027	0x0611      	XORWF      _aux+1, 0
0x0028	0x1D03      	BTFSS      STATUS, 2
0x0029	0x282C      	GOTO       L__main27
0x002A	0x3000      	MOVLW      0
0x002B	0x0610      	XORWF      _aux, 0
L__main27:
0x002C	0x1D03      	BTFSS      STATUS, 2
0x002D	0x2849      	GOTO       L_main4
L__main25:
;EJERCICIO5.c,12 :: 		delay_ms(40);
0x002E	0x3034      	MOVLW      52
0x002F	0x00CC      	MOVWF      R12
0x0030	0x30F1      	MOVLW      241
0x0031	0x00CD      	MOVWF      R13
L_main5:
0x0032	0x0BCD      	DECFSZ     R13, 1
0x0033	0x2832      	GOTO       L_main5
0x0034	0x0BCC      	DECFSZ     R12, 1
0x0035	0x2832      	GOTO       L_main5
0x0036	0x0000      	NOP
0x0037	0x0000      	NOP
;EJERCICIO5.c,13 :: 		while(porta.f0 == 1);
L_main6:
0x0038	0x1C05      	BTFSS      PORTA, 0
0x0039	0x283B      	GOTO       L_main7
0x003A	0x2838      	GOTO       L_main6
L_main7:
;EJERCICIO5.c,14 :: 		aux = 1;
0x003B	0x3001      	MOVLW      1
0x003C	0x0090      	MOVWF      _aux
0x003D	0x3000      	MOVLW      0
0x003E	0x0091      	MOVWF      _aux+1
;EJERCICIO5.c,15 :: 		contadora = 1;
0x003F	0x3001      	MOVLW      1
0x0040	0x008C      	MOVWF      _contadora
0x0041	0x3000      	MOVLW      0
0x0042	0x008D      	MOVWF      _contadora+1
;EJERCICIO5.c,16 :: 		contadord = 256;
0x0043	0x3000      	MOVLW      0
0x0044	0x008E      	MOVWF      _contadord
0x0045	0x3001      	MOVLW      1
0x0046	0x008F      	MOVWF      _contadord+1
;EJERCICIO5.c,17 :: 		portb = contadora;
0x0047	0x3001      	MOVLW      1
0x0048	0x0086      	MOVWF      PORTB
;EJERCICIO5.c,18 :: 		}
L_main4:
;EJERCICIO5.c,19 :: 		if(porta.f0 == 1 && aux == 1)
0x0049	0x1C05      	BTFSS      PORTA, 0
0x004A	0x2862      	GOTO       L_main10
0x004B	0x3000      	MOVLW      0
0x004C	0x0611      	XORWF      _aux+1, 0
0x004D	0x1D03      	BTFSS      STATUS, 2
0x004E	0x2851      	GOTO       L__main28
0x004F	0x3001      	MOVLW      1
0x0050	0x0610      	XORWF      _aux, 0
L__main28:
0x0051	0x1D03      	BTFSS      STATUS, 2
0x0052	0x2862      	GOTO       L_main10
L__main24:
;EJERCICIO5.c,21 :: 		delay_ms(40);
0x0053	0x3034      	MOVLW      52
0x0054	0x00CC      	MOVWF      R12
0x0055	0x30F1      	MOVLW      241
0x0056	0x00CD      	MOVWF      R13
L_main11:
0x0057	0x0BCD      	DECFSZ     R13, 1
0x0058	0x2857      	GOTO       L_main11
0x0059	0x0BCC      	DECFSZ     R12, 1
0x005A	0x2857      	GOTO       L_main11
0x005B	0x0000      	NOP
0x005C	0x0000      	NOP
;EJERCICIO5.c,22 :: 		while(porta.f0 == 1);
L_main12:
0x005D	0x1C05      	BTFSS      PORTA, 0
0x005E	0x2860      	GOTO       L_main13
0x005F	0x285D      	GOTO       L_main12
L_main13:
;EJERCICIO5.c,23 :: 		aux = 0;
0x0060	0x0190      	CLRF       _aux
0x0061	0x0191      	CLRF       _aux+1
;EJERCICIO5.c,24 :: 		}
L_main10:
;EJERCICIO5.c,25 :: 		if(aux == 1)
0x0062	0x3000      	MOVLW      0
0x0063	0x0611      	XORWF      _aux+1, 0
0x0064	0x1D03      	BTFSS      STATUS, 2
0x0065	0x2868      	GOTO       L__main29
0x0066	0x3001      	MOVLW      1
0x0067	0x0610      	XORWF      _aux, 0
L__main29:
0x0068	0x1D03      	BTFSS      STATUS, 2
0x0069	0x28B9      	GOTO       L_main14
;EJERCICIO5.c,27 :: 		if (contadora >= 1 && contadora <256)
0x006A	0x3000      	MOVLW      0
0x006B	0x020D      	SUBWF      _contadora+1, 0
0x006C	0x1D03      	BTFSS      STATUS, 2
0x006D	0x2870      	GOTO       L__main30
0x006E	0x3001      	MOVLW      1
0x006F	0x020C      	SUBWF      _contadora, 0
L__main30:
0x0070	0x1C03      	BTFSS      STATUS, 0
0x0071	0x2896      	GOTO       L_main17
0x0072	0x3001      	MOVLW      1
0x0073	0x020D      	SUBWF      _contadora+1, 0
0x0074	0x1D03      	BTFSS      STATUS, 2
0x0075	0x2878      	GOTO       L__main31
0x0076	0x3000      	MOVLW      0
0x0077	0x020C      	SUBWF      _contadora, 0
L__main31:
0x0078	0x1803      	BTFSC      STATUS, 0
0x0079	0x2896      	GOTO       L_main17
L__main23:
;EJERCICIO5.c,29 :: 		portb = contadora;
0x007A	0x080C      	MOVF       _contadora, 0
0x007B	0x0086      	MOVWF      PORTB
;EJERCICIO5.c,30 :: 		contadora = contadora*2;
0x007C	0x0D8C      	RLF        _contadora, 1
0x007D	0x0D8D      	RLF        _contadora+1, 1
0x007E	0x100C      	BCF        _contadora, 0
;EJERCICIO5.c,31 :: 		delay_ms(100);
0x007F	0x3082      	MOVLW      130
0x0080	0x00CC      	MOVWF      R12
0x0081	0x30DD      	MOVLW      221
0x0082	0x00CD      	MOVWF      R13
L_main18:
0x0083	0x0BCD      	DECFSZ     R13, 1
0x0084	0x2883      	GOTO       L_main18
0x0085	0x0BCC      	DECFSZ     R12, 1
0x0086	0x2883      	GOTO       L_main18
0x0087	0x0000      	NOP
0x0088	0x0000      	NOP
;EJERCICIO5.c,32 :: 		if(contadora == 256)
0x0089	0x080D      	MOVF       _contadora+1, 0
0x008A	0x3A01      	XORLW      1
0x008B	0x1D03      	BTFSS      STATUS, 2
0x008C	0x288F      	GOTO       L__main32
0x008D	0x3000      	MOVLW      0
0x008E	0x060C      	XORWF      _contadora, 0
L__main32:
0x008F	0x1D03      	BTFSS      STATUS, 2
0x0090	0x2895      	GOTO       L_main19
;EJERCICIO5.c,33 :: 		contadord = 256;
0x0091	0x3000      	MOVLW      0
0x0092	0x008E      	MOVWF      _contadord
0x0093	0x3001      	MOVLW      1
0x0094	0x008F      	MOVWF      _contadord+1
L_main19:
;EJERCICIO5.c,34 :: 		}
0x0095	0x28B9      	GOTO       L_main20
L_main17:
;EJERCICIO5.c,36 :: 		contadord = contadord/2;
0x0096	0x080E      	MOVF       _contadord, 0
0x0097	0x00C0      	MOVWF      R0
0x0098	0x080F      	MOVF       _contadord+1, 0
0x0099	0x00C1      	MOVWF      R0+1
0x009A	0x0CC1      	RRF        R0+1, 1
0x009B	0x0CC0      	RRF        R0, 1
0x009C	0x13C1      	BCF        R0+1, 7
0x009D	0x0840      	MOVF       R0, 0
0x009E	0x008E      	MOVWF      _contadord
0x009F	0x0841      	MOVF       R0+1, 0
0x00A0	0x008F      	MOVWF      _contadord+1
;EJERCICIO5.c,37 :: 		portb = contadord;
0x00A1	0x0840      	MOVF       R0, 0
0x00A2	0x0086      	MOVWF      PORTB
;EJERCICIO5.c,38 :: 		delay_ms(100);
0x00A3	0x3082      	MOVLW      130
0x00A4	0x00CC      	MOVWF      R12
0x00A5	0x30DD      	MOVLW      221
0x00A6	0x00CD      	MOVWF      R13
L_main21:
0x00A7	0x0BCD      	DECFSZ     R13, 1
0x00A8	0x28A7      	GOTO       L_main21
0x00A9	0x0BCC      	DECFSZ     R12, 1
0x00AA	0x28A7      	GOTO       L_main21
0x00AB	0x0000      	NOP
0x00AC	0x0000      	NOP
;EJERCICIO5.c,39 :: 		if(contadord == 1)
0x00AD	0x3000      	MOVLW      0
0x00AE	0x060F      	XORWF      _contadord+1, 0
0x00AF	0x1D03      	BTFSS      STATUS, 2
0x00B0	0x28B3      	GOTO       L__main33
0x00B1	0x3001      	MOVLW      1
0x00B2	0x060E      	XORWF      _contadord, 0
L__main33:
0x00B3	0x1D03      	BTFSS      STATUS, 2
0x00B4	0x28B9      	GOTO       L_main22
;EJERCICIO5.c,40 :: 		contadora = 1;
0x00B5	0x3001      	MOVLW      1
0x00B6	0x008C      	MOVWF      _contadora
0x00B7	0x3000      	MOVLW      0
0x00B8	0x008D      	MOVWF      _contadora+1
L_main22:
;EJERCICIO5.c,41 :: 		}
L_main20:
;EJERCICIO5.c,42 :: 		}
L_main14:
;EJERCICIO5.c,43 :: 		}
0x00B9	0x2824      	GOTO       L_main0
;EJERCICIO5.c,44 :: 		}
L_end_main:
0x00BA	0x28BA      	GOTO       $+0
; end of _main
Symbol List:
//** Routines locations **
//ADDRESS    SIZE    PROCEDURE
//----------------------------------------------
0x0003       [6]    _____DoICP
0x0009      [12]    ___CC2DW
0x0015     [166]    _main
//** Variables locations ** 
//ADDRESS    SIZE    VARIABLE
//----------------------------------------------
0x0000       [1]    INDF
0x0002       [1]    PCL
0x0003       [1]    STATUS
0x0004       [1]    FSR
0x0005       [1]    PORTA
0x0006       [1]    PORTB
0x000A       [1]    PCLATH
0x000C       [2]    _contadora
0x000E       [2]    _contadord
0x0010       [2]    _aux
0x0012       [2]    ___DoICPAddr
0x0040       [1]    R0
0x0041       [1]    R1
0x0042       [1]    R2
0x0043       [1]    R3
0x0044       [1]    R4
0x0045       [1]    R5
0x0046       [1]    R6
0x0047       [1]    R7
0x0048       [1]    R8
0x0049       [1]    R9
0x004A       [1]    R10
0x004B       [1]    R11
0x004C       [1]    R12
0x004D       [1]    R13
0x004E       [1]    R14
0x004F       [1]    R15
0x0085       [1]    TRISA
0x0086       [1]    TRISB
