;  LST file generated by mikroListExporter - v.2.0 
; Date/Time: 15/5/2023 01:09:02
;----------------------------------------------

;Address Opcode 	ASM
0x0000	0x2815      	GOTO       21
_____DoICP:
;__Lib_System.c,6 :: 		
;__Lib_System.c,9 :: 		
0x0003	0x1283      	BCF        STATUS, 5
0x0004	0x080F      	MOVF       ___DoICPAddr+1, 0
0x0005	0x008A      	MOVWF      PCLATH
;__Lib_System.c,10 :: 		
0x0006	0x080E      	MOVF       ___DoICPAddr, 0
0x0007	0x0082      	MOVWF      PCL
;__Lib_System.c,12 :: 		
L_end_____DoICP:
0x0008	0x0008      	RETURN
; end of _____DoICP
___CC2DW:
;__Lib_System.c,134 :: 		
;__Lib_System.c,137 :: 		
_CC2D_Loop1:
;__Lib_System.c,139 :: 		
0x0009	0x2003      	CALL       _____DoICP
0x000A	0x118A      	BCF        PCLATH, 3
0x000B	0x120A      	BCF        PCLATH, 4
;__Lib_System.c,141 :: 		
0x000C	0x0080      	MOVWF      INDF
;__Lib_System.c,142 :: 		
0x000D	0x0A84      	INCF       FSR, 1
;__Lib_System.c,143 :: 		
0x000E	0x0A8E      	INCF       ___DoICPAddr, 1
;__Lib_System.c,145 :: 		
0x000F	0x1903      	BTFSC      STATUS, 2
;__Lib_System.c,146 :: 		
0x0010	0x0A8F      	INCF       ___DoICPAddr+1, 1
;__Lib_System.c,147 :: 		
0x0011	0x03C0      	DECF       R0, 1
;__Lib_System.c,149 :: 		
0x0012	0x1D03      	BTFSS      STATUS, 2
;__Lib_System.c,150 :: 		
0x0013	0x2809      	GOTO       _CC2D_Loop1
;__Lib_System.c,152 :: 		
L_end___CC2DW:
0x0014	0x0008      	RETURN
; end of ___CC2DW
_main:
0x0015	0x1283      	BCF        STATUS, 5
0x0016	0x018C      	CLRF       _aux
0x0017	0x018D      	CLRF       13
;EJERCICIO4.c,2 :: 		void main()
;EJERCICIO4.c,4 :: 		TRISA = 0b00001;
0x0018	0x3001      	MOVLW      1
0x0019	0x1683      	BSF        STATUS, 5
0x001A	0x0085      	MOVWF      TRISA
;EJERCICIO4.c,5 :: 		trisb = 0;
0x001B	0x0186      	CLRF       TRISB
;EJERCICIO4.c,6 :: 		portb = 0;
0x001C	0x1283      	BCF        STATUS, 5
0x001D	0x0186      	CLRF       PORTB
;EJERCICIO4.c,8 :: 		while(1)
L_main0:
;EJERCICIO4.c,9 :: 		{      if(porta.f0 == 1 && aux == 0)
0x001E	0x1C05      	BTFSS      PORTA, 0
0x001F	0x283A      	GOTO       L_main4
0x0020	0x3000      	MOVLW      0
0x0021	0x060D      	XORWF      _aux+1, 0
0x0022	0x1D03      	BTFSS      STATUS, 2
0x0023	0x2826      	GOTO       L__main17
0x0024	0x3000      	MOVLW      0
0x0025	0x060C      	XORWF      _aux, 0
L__main17:
0x0026	0x1D03      	BTFSS      STATUS, 2
0x0027	0x283A      	GOTO       L_main4
L__main15:
;EJERCICIO4.c,11 :: 		portb.f0 = 1;
0x0028	0x1406      	BSF        PORTB, 0
;EJERCICIO4.c,12 :: 		delay_ms(40);
0x0029	0x3034      	MOVLW      52
0x002A	0x00CC      	MOVWF      R12
0x002B	0x30F1      	MOVLW      241
0x002C	0x00CD      	MOVWF      R13
L_main5:
0x002D	0x0BCD      	DECFSZ     R13, 1
0x002E	0x282D      	GOTO       L_main5
0x002F	0x0BCC      	DECFSZ     R12, 1
0x0030	0x282D      	GOTO       L_main5
0x0031	0x0000      	NOP
0x0032	0x0000      	NOP
;EJERCICIO4.c,13 :: 		while(porta.f0 == 1);
L_main6:
0x0033	0x1C05      	BTFSS      PORTA, 0
0x0034	0x2836      	GOTO       L_main7
0x0035	0x2833      	GOTO       L_main6
L_main7:
;EJERCICIO4.c,14 :: 		aux = 1;
0x0036	0x3001      	MOVLW      1
0x0037	0x008C      	MOVWF      _aux
0x0038	0x3000      	MOVLW      0
0x0039	0x008D      	MOVWF      _aux+1
;EJERCICIO4.c,15 :: 		}
L_main4:
;EJERCICIO4.c,16 :: 		if(porta.f0 == 1 && aux == 1)
0x003A	0x1C05      	BTFSS      PORTA, 0
0x003B	0x2854      	GOTO       L_main10
0x003C	0x3000      	MOVLW      0
0x003D	0x060D      	XORWF      _aux+1, 0
0x003E	0x1D03      	BTFSS      STATUS, 2
0x003F	0x2842      	GOTO       L__main18
0x0040	0x3001      	MOVLW      1
0x0041	0x060C      	XORWF      _aux, 0
L__main18:
0x0042	0x1D03      	BTFSS      STATUS, 2
0x0043	0x2854      	GOTO       L_main10
L__main14:
;EJERCICIO4.c,18 :: 		portb.f0 = 0;
0x0044	0x1006      	BCF        PORTB, 0
;EJERCICIO4.c,19 :: 		delay_ms(40);
0x0045	0x3034      	MOVLW      52
0x0046	0x00CC      	MOVWF      R12
0x0047	0x30F1      	MOVLW      241
0x0048	0x00CD      	MOVWF      R13
L_main11:
0x0049	0x0BCD      	DECFSZ     R13, 1
0x004A	0x2849      	GOTO       L_main11
0x004B	0x0BCC      	DECFSZ     R12, 1
0x004C	0x2849      	GOTO       L_main11
0x004D	0x0000      	NOP
0x004E	0x0000      	NOP
;EJERCICIO4.c,20 :: 		while(porta.f0 == 1);
L_main12:
0x004F	0x1C05      	BTFSS      PORTA, 0
0x0050	0x2852      	GOTO       L_main13
0x0051	0x284F      	GOTO       L_main12
L_main13:
;EJERCICIO4.c,21 :: 		aux = 0;
0x0052	0x018C      	CLRF       _aux
0x0053	0x018D      	CLRF       _aux+1
;EJERCICIO4.c,22 :: 		}
L_main10:
;EJERCICIO4.c,23 :: 		}
0x0054	0x281E      	GOTO       L_main0
;EJERCICIO4.c,24 :: 		}
L_end_main:
0x0055	0x2855      	GOTO       $+0
; end of _main
Symbol List:
//** Routines locations **
//ADDRESS    SIZE    PROCEDURE
//----------------------------------------------
0x0003       [6]    _____DoICP
0x0009      [12]    ___CC2DW
0x0015      [65]    _main
//** Variables locations ** 
//ADDRESS    SIZE    VARIABLE
//----------------------------------------------
0x0000       [1]    INDF
0x0002       [1]    PCL
0x0003       [1]    STATUS
0x0004       [1]    FSR
0x0005       [1]    PORTA
0x0006       [1]    PORTB
0x000A       [1]    PCLATH
0x000C       [2]    _aux
0x000E       [2]    ___DoICPAddr
0x0040       [1]    R0
0x0041       [1]    R1
0x0042       [1]    R2
0x0043       [1]    R3
0x0044       [1]    R4
0x0045       [1]    R5
0x0046       [1]    R6
0x0047       [1]    R7
0x0048       [1]    R8
0x0049       [1]    R9
0x004A       [1]    R10
0x004B       [1]    R11
0x004C       [1]    R12
0x004D       [1]    R13
0x004E       [1]    R14
0x004F       [1]    R15
0x0085       [1]    TRISA
0x0086       [1]    TRISB
